<?xml version="1.0" encoding="UTF-8"?>
<Site BuildName="Darwin-clang++"
	BuildStamp="20251125-1106-Experimental"
	Name="mac.home"
	Generator="ctest-4.1.2"
	CompilerName="/usr/bin/clang++"
	CompilerVersion="17.0.0.17000319"
	OSName="macOS"
	Hostname="mac.home"
	OSRelease="26.1"
	OSVersion="25B78"
	OSPlatform="arm64"
	Is64Bits="1"
	VendorString="Apple"
	VendorID="Apple"
	FamilyID="0"
	ModelID="0"
	ModelName="Apple M4"
	ProcessorCacheSize="131072"
	NumberOfLogicalCPU="10"
	NumberOfPhysicalCPU="10"
	TotalVirtualMemory="0"
	TotalPhysicalMemory="16384"
	LogicalProcessorsPerPhysical="10"
	ProcessorClockFrequency="0"
	>
	<Testing>
		<StartDateTime>Nov 29 22:42 CET</StartDateTime>
		<StartTestTime>1764452526</StartTestTime>
		<TestList>
			<Test>./drone_plot_generation</Test>
		</TestList>
		<Test Status="passed">
			<Name>drone_plot_generation</Name>
			<Path>.</Path>
			<FullName>./drone_plot_generation</FullName>
			<FullCommandLine>/opt/homebrew/Frameworks/Python.framework/Versions/3.10/bin/python3.10 "python/tools/plotsrcipt.py"</FullCommandLine>
			<Results>
				<NamedMeasurement type="numeric/double" name="Execution Time">
					<Value>1.33052</Value>
				</NamedMeasurement>
				<NamedMeasurement type="numeric/double" name="Processors">
					<Value>1</Value>
				</NamedMeasurement>
				<NamedMeasurement type="text/string" name="Completion Status">
					<Value>Completed</Value>
				</NamedMeasurement>
				<NamedMeasurement type="text/string" name="Command Line">
					<Value>/opt/homebrew/Frameworks/Python.framework/Versions/3.10/bin/python3.10 "python/tools/plotsrcipt.py"</Value>
				</NamedMeasurement>
				<NamedMeasurement type="text/string" name="Environment">
					<Value>#CTEST_RESOURCE_GROUP_COUNT=</Value>
				</NamedMeasurement>
				<Measurement>
					<Value>Episodes: 5 lengths: [397, 396, 395, 395, 395]
</Value>
				</Measurement>
			</Results>
		</Test>
		<EndDateTime>Nov 29 22:42 CET</EndDateTime>
		<EndTestTime>1764452527</EndTestTime>
		<ElapsedMinutes>0</ElapsedMinutes>
	</Testing>
</Site>
